Arguments: 
  /home/kentlouisetonino/.nvm/versions/node/v18.13.0/bin/node /home/kentlouisetonino/.cache/node/corepack/yarn/1.22.19/bin/yarn.js publish

PATH: 
  /home/kentlouisetonino/.bun/bin:/home/kentlouisetonino/.nvm/versions/node/v18.13.0/bin:/home/kentlouisetonino/.cargo/bin:/home/kentlouisetonino/.local/bin:/usr/local/sbin:/usr/local/bin:/usr/sbin:/usr/bin:/sbin:/bin:/usr/games:/usr/local/games:/snap/bin:/snap/bin:/usr/lib/dart/bin:/usr/local/go/bin:/home/kentlouisetonino/.yarn/bin

Yarn version: 
  1.22.19

Node version: 
  18.13.0

Platform: 
  linux x64

Trace: 
  Error: https://registry.yarnpkg.com/-/user/org.couchdb.user:kentlouisetonino: failed to authenticate: Could not authenticate kentlouisetonino: bad password
      at params.callback [as _callback] (/home/kentlouisetonino/.cache/node/corepack/yarn/1.22.19/lib/cli.js:66145:18)
      at self.callback (/home/kentlouisetonino/.cache/node/corepack/yarn/1.22.19/lib/cli.js:140890:22)
      at Request.emit (node:events:513:28)
      at Request.<anonymous> (/home/kentlouisetonino/.cache/node/corepack/yarn/1.22.19/lib/cli.js:141862:10)
      at Request.emit (node:events:513:28)
      at IncomingMessage.<anonymous> (/home/kentlouisetonino/.cache/node/corepack/yarn/1.22.19/lib/cli.js:141784:12)
      at Object.onceWrapper (node:events:627:28)
      at IncomingMessage.emit (node:events:525:35)
      at endReadableNT (node:internal/streams/readable:1359:12)
      at process.processTicksAndRejections (node:internal/process/task_queues:82:21)

npm manifest: 
  {
    "name": "npm-ioservice",
    "version": "1.1.0",
    "description": "An NPM package that simplifies the readline and IO processes.",
    "keywords": ["readline-promises", "input-output"],
    "main": "dist/index.js",
    "types": "dist/index.d.ts",
    "author": "Kent Louise Tonino",
    "license": "MIT",
    "scripts": {
      "build": "tsc --build", 
      "format": "prettier --write \"./src/**/*.ts\""
    },
    "dependencies": {
      "@types/node": "^20.6.0",
      "prettier": "^3.0.3",
      "typescript": "^5.2.2"
    }
  }

yarn manifest: 
  No manifest

Lockfile: 
  # THIS IS AN AUTOGENERATED FILE. DO NOT EDIT THIS FILE DIRECTLY.
  # yarn lockfile v1
  
  
  "@types/node@^20.6.0":
    version "20.6.0"
    resolved "https://registry.yarnpkg.com/@types/node/-/node-20.6.0.tgz#9d7daa855d33d4efec8aea88cd66db1c2f0ebe16"
    integrity sha512-najjVq5KN2vsH2U/xyh2opaSEz6cZMR2SetLIlxlj08nOcmPOemJmUK2o4kUzfLqfrWE0PIrNeE16XhYDd3nqg==
  
  prettier@^3.0.3:
    version "3.0.3"
    resolved "https://registry.yarnpkg.com/prettier/-/prettier-3.0.3.tgz#432a51f7ba422d1469096c0fdc28e235db8f9643"
    integrity sha512-L/4pUDMxcNa8R/EthV08Zt42WBO4h1rarVtK0K+QJG0X187OLo7l699jWw0GKuwzkPQ//jMFA/8Xm6Fh3J/DAg==
  
  typescript@^5.2.2:
    version "5.2.2"
    resolved "https://registry.yarnpkg.com/typescript/-/typescript-5.2.2.tgz#5ebb5e5a5b75f085f22bc3f8460fba308310fa78"
    integrity sha512-mI4WrpHsbCIcwT9cF4FZvr80QUeKvsUsUvKDoR+X/7XHQH98xYD8YHZg7ANtz2GtZt/CBq2QJ0thkGJMHfqc1w==
